ghhjk__main__:not successful
__main__:signup 
__main__:login succesful
__main__:signup 
__main__:not successful
__main__:login successful
__main__:Passenger Account Detail Deleted
__main__:Passenger Account Detail Deleted
__main__:Passenger Account Detail Deleted
__main__:signup 
__main__:signup 
__main__:Passenger Account Detail Deleted
__main__:Passenger Account Detail Deleted
__main__:signup 
__main__:login successful
__main__:Passenger Account Detail Deleted
__main__:signup 
__main__:login successful
__main__:Username or password incorrect
__main__:Username or password incorrect
__main__:Username or password incorrect
__main__:Passenger Account Detail Deleted
__main__:signup 
__main__:signup 
__main__:signup 
__main__:signup 
__main__:signup 
__main__:Passenger Account Detail Deleted
__main__:login successful
__main__:signup 
varsha:signup 
varsha:login successful
varsha:login successful
varsha:login successful
varsha:login successful
varsha:not successful
varsha:not successful
varsha:not successful
varsha:not successful
varsha:not successful
varsha:login successful
varsha:login successful
varsha:signup 
varsha:login successful
varsha:login successful
varsha:Ticket Created successful
varsha:signup 
varsha:login successful
varsha:Ticket Created successful
varsha:login successful
varsha:Ticket Created successful
varsha:Ticket Created successful
varsha:signup 
varsha:not successful
varsha:not successful
varsha:not successful
varsha:login successful
varsha:Ticket Created successful
