2023-06-23 14:21:17,366:Using proactor: IocpProactor
2023-06-23 14:28:07,777:Using proactor: IocpProactor
2023-06-23 14:48:16,698:Using proactor: IocpProactor
2023-06-23 14:51:52,565:Using proactor: IocpProactor
2023-06-23 14:54:56,323:Using proactor: IocpProactor
2023-06-23 14:58:50,664:Using proactor: IocpProactor
2023-06-23 15:46:10,177:Using proactor: IocpProactor
2023-06-23 15:47:30,281:Using proactor: IocpProactor
2023-06-23 15:50:05,443:Using proactor: IocpProactor
2023-06-23 15:56:15,256:Using proactor: IocpProactor
2023-06-23 15:56:40,957:Calling on_field_start with no data
2023-06-23 15:56:40,957:Calling on_field_name with data[0:8]
2023-06-23 15:56:40,957:Calling on_field_data with data[9:15]
2023-06-23 15:56:40,957:Calling on_field_end with no data
2023-06-23 15:56:40,958:Calling on_field_start with no data
2023-06-23 15:56:40,958:Calling on_field_name with data[16:24]
2023-06-23 15:56:40,958:Calling on_field_data with data[25:28]
2023-06-23 15:56:40,958:Calling on_field_end with no data
2023-06-23 15:56:40,958:Calling on_field_start with no data
2023-06-23 15:56:40,958:Calling on_field_name with data[29:34]
2023-06-23 15:56:40,958:Calling on_field_data with data[35:51]
2023-06-23 15:56:40,959:Calling on_field_end with no data
2023-06-23 15:56:40,959:Calling on_end with no data
2023-06-23 15:56:40,959:signup
2023-06-23 15:57:08,125:Calling on_field_start with no data
2023-06-23 15:57:08,125:Calling on_field_name with data[0:8]
2023-06-23 15:57:08,126:Calling on_field_data with data[9:15]
2023-06-23 15:57:08,126:Calling on_field_end with no data
2023-06-23 15:57:08,126:Calling on_field_start with no data
2023-06-23 15:57:08,126:Calling on_field_name with data[16:24]
2023-06-23 15:57:08,126:Calling on_field_data with data[25:28]
2023-06-23 15:57:08,126:Calling on_field_end with no data
2023-06-23 15:57:08,126:Calling on_end with no data
2023-06-23 15:57:08,137:login successful
2023-06-23 15:58:38,981:Calling on_field_start with no data
2023-06-23 15:58:38,981:Calling on_field_name with data[0:8]
2023-06-23 15:58:38,981:Calling on_field_data with data[9:15]
2023-06-23 15:58:38,981:Calling on_field_end with no data
2023-06-23 15:58:38,981:Calling on_field_start with no data
2023-06-23 15:58:38,982:Calling on_field_name with data[16:24]
2023-06-23 15:58:38,982:Calling on_field_data with data[25:28]
2023-06-23 15:58:38,982:Calling on_field_end with no data
2023-06-23 15:58:38,982:Calling on_end with no data
2023-06-23 15:58:39,022:login successful
2023-06-23 16:00:37,495:Using proactor: IocpProactor
2023-06-23 16:00:50,868:Calling on_field_start with no data
2023-06-23 16:00:50,868:Calling on_field_name with data[0:8]
2023-06-23 16:00:50,868:Calling on_field_data with data[9:15]
2023-06-23 16:00:50,868:Calling on_field_end with no data
2023-06-23 16:00:50,869:Calling on_field_start with no data
2023-06-23 16:00:50,869:Calling on_field_name with data[16:24]
2023-06-23 16:00:50,869:Calling on_field_data with data[25:28]
2023-06-23 16:00:50,869:Calling on_field_end with no data
2023-06-23 16:00:50,869:Calling on_end with no data
2023-06-23 16:00:50,907:login successful
2023-06-23 16:01:18,179:Calling on_field_start with no data
2023-06-23 16:01:18,179:Calling on_field_name with data[0:9]
2023-06-23 16:01:18,179:Calling on_field_data with data[10:12]
2023-06-23 16:01:18,179:Calling on_field_end with no data
2023-06-23 16:01:18,179:Calling on_field_start with no data
2023-06-23 16:01:18,179:Calling on_field_name with data[13:19]
2023-06-23 16:01:18,179:Calling on_field_data with data[20:26]
2023-06-23 16:01:18,180:Calling on_field_end with no data
2023-06-23 16:01:18,180:Calling on_field_start with no data
2023-06-23 16:01:18,180:Calling on_field_name with data[27:38]
2023-06-23 16:01:18,180:Calling on_field_data with data[39:45]
2023-06-23 16:01:18,180:Calling on_field_end with no data
2023-06-23 16:01:18,181:Calling on_field_start with no data
2023-06-23 16:01:18,181:Calling on_field_name with data[46:50]
2023-06-23 16:01:18,181:Calling on_field_data with data[51:61]
2023-06-23 16:01:18,181:Calling on_field_end with no data
2023-06-23 16:01:18,182:Calling on_end with no data
2023-06-23 16:01:18,188:Ticket already Exist
2023-06-23 16:02:08,110:Calling on_field_start with no data
2023-06-23 16:02:08,110:Calling on_field_name with data[0:9]
2023-06-23 16:02:08,110:Calling on_field_data with data[10:12]
2023-06-23 16:02:08,110:Calling on_field_end with no data
2023-06-23 16:02:08,110:Calling on_field_start with no data
2023-06-23 16:02:08,111:Calling on_field_name with data[13:19]
2023-06-23 16:02:08,111:Calling on_field_data with data[20:26]
2023-06-23 16:02:08,112:Calling on_field_end with no data
2023-06-23 16:02:08,112:Calling on_field_start with no data
2023-06-23 16:02:08,112:Calling on_field_name with data[27:38]
2023-06-23 16:02:08,112:Calling on_field_data with data[39:45]
2023-06-23 16:02:08,112:Calling on_field_end with no data
2023-06-23 16:02:08,113:Calling on_field_start with no data
2023-06-23 16:02:08,113:Calling on_field_name with data[46:50]
2023-06-23 16:02:08,113:Calling on_field_data with data[51:61]
2023-06-23 16:02:08,113:Calling on_field_end with no data
2023-06-23 16:02:08,113:Calling on_end with no data
2023-06-23 16:02:08,127:Ticket Created successful
2023-06-23 16:06:18,518:Calling on_field_start with no data
2023-06-23 16:06:18,519:Calling on_field_name with data[0:8]
2023-06-23 16:06:18,519:Calling on_field_data with data[9:15]
2023-06-23 16:06:18,519:Calling on_field_end with no data
2023-06-23 16:06:18,519:Calling on_field_start with no data
2023-06-23 16:06:18,520:Calling on_field_name with data[16:24]
2023-06-23 16:06:18,520:Calling on_field_data with data[25:28]
2023-06-23 16:06:18,520:Calling on_field_end with no data
2023-06-23 16:06:18,520:Calling on_end with no data
2023-06-23 16:06:18,527:login successful
2023-06-23 16:06:47,207:Using proactor: IocpProactor
2023-06-23 16:07:14,713:Calling on_field_start with no data
2023-06-23 16:07:14,713:Calling on_field_name with data[0:8]
2023-06-23 16:07:14,713:Calling on_field_data with data[9:13]
2023-06-23 16:07:14,713:Calling on_field_end with no data
2023-06-23 16:07:14,713:Calling on_field_start with no data
2023-06-23 16:07:14,714:Calling on_field_name with data[14:22]
2023-06-23 16:07:14,714:Calling on_field_data with data[23:26]
2023-06-23 16:07:14,714:Calling on_field_end with no data
2023-06-23 16:07:14,714:Calling on_end with no data
2023-06-23 16:07:14,750:login successful
2023-06-23 16:10:22,790:Using proactor: IocpProactor
2023-06-23 16:10:29,862:Calling on_field_start with no data
2023-06-23 16:10:29,863:Calling on_field_name with data[0:8]
2023-06-23 16:10:29,863:Calling on_field_data with data[9:15]
2023-06-23 16:10:29,863:Calling on_field_end with no data
2023-06-23 16:10:29,863:Calling on_field_start with no data
2023-06-23 16:10:29,863:Calling on_field_name with data[16:24]
2023-06-23 16:10:29,863:Calling on_field_data with data[25:28]
2023-06-23 16:10:29,863:Calling on_field_end with no data
2023-06-23 16:10:29,864:Calling on_end with no data
2023-06-23 16:10:29,908:login successful
2023-06-23 16:22:18,136:Using proactor: IocpProactor
2023-06-23 16:22:25,938:Calling on_field_start with no data
2023-06-23 16:22:25,939:Calling on_field_name with data[0:8]
2023-06-23 16:22:25,939:Calling on_field_data with data[9:15]
2023-06-23 16:22:25,939:Calling on_field_end with no data
2023-06-23 16:22:25,939:Calling on_field_start with no data
2023-06-23 16:22:25,939:Calling on_field_name with data[16:24]
2023-06-23 16:22:25,939:Calling on_field_data with data[25:28]
2023-06-23 16:22:25,939:Calling on_field_end with no data
2023-06-23 16:22:25,939:Calling on_end with no data
2023-06-23 16:22:25,980:login successful
2023-06-23 16:26:14,507:Using proactor: IocpProactor
2023-06-23 16:26:24,084:Calling on_field_start with no data
2023-06-23 16:26:24,084:Calling on_field_name with data[0:8]
2023-06-23 16:26:24,084:Calling on_field_data with data[9:15]
2023-06-23 16:26:24,084:Calling on_field_end with no data
2023-06-23 16:26:24,084:Calling on_field_start with no data
2023-06-23 16:26:24,084:Calling on_field_name with data[16:24]
2023-06-23 16:26:24,084:Calling on_field_data with data[25:28]
2023-06-23 16:26:24,085:Calling on_field_end with no data
2023-06-23 16:26:24,085:Calling on_end with no data
2023-06-23 16:26:24,111:login successful
2023-06-23 16:29:18,050:Using proactor: IocpProactor
2023-06-23 16:30:01,835:Using proactor: IocpProactor
2023-06-23 16:30:28,304:Calling on_field_start with no data
2023-06-23 16:30:28,304:Calling on_field_name with data[0:8]
2023-06-23 16:30:28,304:Calling on_field_data with data[9:15]
2023-06-23 16:30:28,305:Calling on_field_end with no data
2023-06-23 16:30:28,305:Calling on_field_start with no data
2023-06-23 16:30:28,305:Calling on_field_name with data[16:24]
2023-06-23 16:30:28,305:Calling on_field_data with data[25:28]
2023-06-23 16:30:28,305:Calling on_field_end with no data
2023-06-23 16:30:28,305:Calling on_end with no data
2023-06-23 16:30:28,334:login successful
2023-06-23 16:31:24,795:Using proactor: IocpProactor
2023-06-23 16:31:33,886:Calling on_field_start with no data
2023-06-23 16:31:33,886:Calling on_field_name with data[0:8]
2023-06-23 16:31:33,886:Calling on_field_data with data[9:15]
2023-06-23 16:31:33,886:Calling on_field_end with no data
2023-06-23 16:31:33,886:Calling on_field_start with no data
2023-06-23 16:31:33,886:Calling on_field_name with data[16:24]
2023-06-23 16:31:33,887:Calling on_field_data with data[25:28]
2023-06-23 16:31:33,887:Calling on_field_end with no data
2023-06-23 16:31:33,887:Calling on_end with no data
2023-06-23 16:31:34,092:login successful
2023-06-23 16:35:31,447:Using proactor: IocpProactor
2023-06-23 16:35:42,301:Calling on_field_start with no data
2023-06-23 16:35:42,301:Calling on_field_name with data[0:8]
2023-06-23 16:35:42,301:Calling on_field_data with data[9:15]
2023-06-23 16:35:42,301:Calling on_field_end with no data
2023-06-23 16:35:42,301:Calling on_field_start with no data
2023-06-23 16:35:42,302:Calling on_field_name with data[16:24]
2023-06-23 16:35:42,302:Calling on_field_data with data[25:28]
2023-06-23 16:35:42,302:Calling on_field_end with no data
2023-06-23 16:35:42,302:Calling on_end with no data
2023-06-23 16:35:42,343:login successful
2023-06-23 16:37:38,768:Using proactor: IocpProactor
2023-06-23 16:37:48,449:Using proactor: IocpProactor
2023-06-23 16:37:59,795:Calling on_field_start with no data
2023-06-23 16:37:59,795:Calling on_field_name with data[0:8]
2023-06-23 16:37:59,795:Calling on_field_data with data[9:15]
2023-06-23 16:37:59,795:Calling on_field_end with no data
2023-06-23 16:37:59,795:Calling on_field_start with no data
2023-06-23 16:37:59,796:Calling on_field_name with data[16:24]
2023-06-23 16:37:59,796:Calling on_field_data with data[25:28]
2023-06-23 16:37:59,796:Calling on_field_end with no data
2023-06-23 16:37:59,796:Calling on_end with no data
2023-06-23 16:37:59,838:login successful
2023-06-23 16:38:07,465:Calling on_field_start with no data
2023-06-23 16:38:07,465:Calling on_field_name with data[0:11]
2023-06-23 16:38:07,465:Calling on_field_data with data[12:22]
2023-06-23 16:38:07,465:Calling on_field_end with no data
2023-06-23 16:38:07,466:Calling on_end with no data
2023-06-23 16:38:18,407:Calling on_field_start with no data
2023-06-23 16:38:18,408:Calling on_field_name with data[0:9]
2023-06-23 16:38:18,408:Calling on_field_data with data[10:12]
2023-06-23 16:38:18,408:Calling on_field_end with no data
2023-06-23 16:38:18,408:Calling on_end with no data
2023-06-23 16:38:18,418:Ticket Id deleted
2023-06-23 16:39:35,720:Calling on_field_start with no data
2023-06-23 16:39:35,720:Calling on_field_name with data[0:8]
2023-06-23 16:39:35,720:Calling on_field_data with data[9:15]
2023-06-23 16:39:35,720:Calling on_field_end with no data
2023-06-23 16:39:35,720:Calling on_field_start with no data
2023-06-23 16:39:35,721:Calling on_field_name with data[16:24]
2023-06-23 16:39:35,721:Calling on_field_data with data[25:28]
2023-06-23 16:39:35,721:Calling on_field_end with no data
2023-06-23 16:39:35,721:Calling on_end with no data
2023-06-23 16:39:35,727:login successful
2023-06-23 16:39:55,592:Calling on_field_start with no data
2023-06-23 16:39:55,593:Calling on_field_name with data[0:9]
2023-06-23 16:39:55,593:Calling on_field_data with data[10:12]
2023-06-23 16:39:55,593:Calling on_field_end with no data
2023-06-23 16:39:55,593:Calling on_field_start with no data
2023-06-23 16:39:55,593:Calling on_field_name with data[13:19]
2023-06-23 16:39:55,593:Calling on_field_data with data[20:28]
2023-06-23 16:39:55,594:Calling on_field_end with no data
2023-06-23 16:39:55,594:Calling on_field_start with no data
2023-06-23 16:39:55,594:Calling on_field_name with data[29:40]
2023-06-23 16:39:55,594:Calling on_field_data with data[41:47]
2023-06-23 16:39:55,594:Calling on_field_end with no data
2023-06-23 16:39:55,594:Calling on_field_start with no data
2023-06-23 16:39:55,594:Calling on_field_name with data[48:52]
2023-06-23 16:39:55,595:Calling on_field_data with data[53:63]
2023-06-23 16:39:55,595:Calling on_field_end with no data
2023-06-23 16:39:55,595:Calling on_end with no data
2023-06-23 16:39:55,604:Ticket Created successful
2023-06-23 16:40:33,138:Calling on_field_start with no data
2023-06-23 16:40:33,138:Calling on_field_name with data[0:9]
2023-06-23 16:40:33,138:Calling on_field_data with data[10:12]
2023-06-23 16:40:33,138:Calling on_field_end with no data
2023-06-23 16:40:33,138:Calling on_end with no data
2023-06-23 16:40:33,149:Ticket Id deleted
2023-06-23 16:41:06,818:Calling on_field_start with no data
2023-06-23 16:41:06,818:Calling on_field_name with data[0:11]
2023-06-23 16:41:06,818:Calling on_field_data with data[12:22]
2023-06-23 16:41:06,818:Calling on_field_end with no data
2023-06-23 16:41:06,818:Calling on_end with no data
2023-06-23 16:43:10,486:Calling on_field_start with no data
2023-06-23 16:43:10,486:Calling on_field_name with data[0:8]
2023-06-23 16:43:10,486:Calling on_field_data with data[9:15]
2023-06-23 16:43:10,486:Calling on_field_end with no data
2023-06-23 16:43:10,486:Calling on_field_start with no data
2023-06-23 16:43:10,486:Calling on_field_name with data[16:24]
2023-06-23 16:43:10,486:Calling on_field_data with data[25:28]
2023-06-23 16:43:10,487:Calling on_field_end with no data
2023-06-23 16:43:10,487:Calling on_end with no data
2023-06-23 16:43:10,491:login successful
2023-06-23 16:43:16,591:Calling on_field_start with no data
2023-06-23 16:43:16,591:Calling on_field_name with data[0:11]
2023-06-23 16:43:16,592:Calling on_field_data with data[12:22]
2023-06-23 16:43:16,592:Calling on_field_end with no data
2023-06-23 16:43:16,592:Calling on_end with no data
2023-06-23 16:43:25,591:Calling on_field_start with no data
2023-06-23 16:43:25,592:Calling on_field_name with data[0:9]
2023-06-23 16:43:25,592:Calling on_field_data with data[10:12]
2023-06-23 16:43:25,592:Calling on_field_end with no data
2023-06-23 16:43:25,592:Calling on_end with no data
2023-06-23 16:43:25,597:Ticket not there
2023-06-23 16:45:55,036:Using proactor: IocpProactor
2023-06-23 16:46:46,004:Calling on_field_start with no data
2023-06-23 16:46:46,004:Calling on_field_name with data[0:8]
2023-06-23 16:46:46,004:Calling on_field_data with data[9:12]
2023-06-23 16:46:46,005:Calling on_field_end with no data
2023-06-23 16:46:46,005:Calling on_field_start with no data
2023-06-23 16:46:46,005:Calling on_field_name with data[13:21]
2023-06-23 16:46:46,005:Calling on_field_data with data[22:26]
2023-06-23 16:46:46,005:Calling on_field_end with no data
2023-06-23 16:46:46,005:Calling on_end with no data
2023-06-23 16:46:46,046:not successful
2023-06-23 16:47:45,718:Calling on_field_start with no data
2023-06-23 16:47:45,718:Calling on_field_name with data[0:8]
2023-06-23 16:47:45,718:Calling on_field_data with data[9:13]
2023-06-23 16:47:45,719:Calling on_field_end with no data
2023-06-23 16:47:45,719:Calling on_field_start with no data
2023-06-23 16:47:45,719:Calling on_field_name with data[14:22]
2023-06-23 16:47:45,719:Calling on_field_data with data[23:26]
2023-06-23 16:47:45,719:Calling on_field_end with no data
2023-06-23 16:47:45,719:Calling on_end with no data
2023-06-23 16:47:45,726:not successful
2023-06-23 16:48:01,634:Calling on_field_start with no data
2023-06-23 16:48:01,635:Calling on_field_name with data[0:8]
2023-06-23 16:48:01,635:Calling on_field_data with data[9:15]
2023-06-23 16:48:01,635:Calling on_field_end with no data
2023-06-23 16:48:01,635:Calling on_field_start with no data
2023-06-23 16:48:01,635:Calling on_field_name with data[16:24]
2023-06-23 16:48:01,635:Calling on_field_data with data[25:28]
2023-06-23 16:48:01,635:Calling on_field_end with no data
2023-06-23 16:48:01,635:Calling on_end with no data
2023-06-23 16:48:01,641:login successful
2023-06-23 16:48:19,775:Calling on_field_start with no data
2023-06-23 16:48:19,775:Calling on_field_name with data[0:9]
2023-06-23 16:48:19,775:Calling on_field_data with data[10:12]
2023-06-23 16:48:19,775:Calling on_field_end with no data
2023-06-23 16:48:19,775:Calling on_field_start with no data
2023-06-23 16:48:19,776:Calling on_field_name with data[13:24]
2023-06-23 16:48:19,776:Calling on_field_data with data[25:35]
2023-06-23 16:48:19,777:Calling on_field_end with no data
2023-06-23 16:48:19,777:Calling on_end with no data
2023-06-23 16:49:09,743:Using proactor: IocpProactor
2023-06-23 16:49:46,783:Calling on_field_start with no data
2023-06-23 16:49:46,784:Calling on_field_name with data[0:8]
2023-06-23 16:49:46,784:Calling on_field_data with data[9:13]
2023-06-23 16:49:46,784:Calling on_field_end with no data
2023-06-23 16:49:46,784:Calling on_field_start with no data
2023-06-23 16:49:46,784:Calling on_field_name with data[14:22]
2023-06-23 16:49:46,784:Calling on_field_data with data[23:26]
2023-06-23 16:49:46,784:Calling on_field_end with no data
2023-06-23 16:49:46,784:Calling on_field_start with no data
2023-06-23 16:49:46,784:Calling on_field_name with data[27:32]
2023-06-23 16:49:46,785:Calling on_field_data with data[33:49]
2023-06-23 16:49:46,785:Calling on_field_end with no data
2023-06-23 16:49:46,785:Calling on_end with no data
2023-06-23 16:49:46,785:signup
2023-06-23 16:51:13,688:Using proactor: IocpProactor
2023-06-23 16:56:16,109:Using proactor: IocpProactor
2023-06-23 16:57:15,632:Using proactor: IocpProactor
2023-06-23 16:59:11,061:Calling on_field_start with no data
2023-06-23 16:59:11,061:Calling on_field_name with data[0:8]
2023-06-23 16:59:11,061:Calling on_field_data with data[9:15]
2023-06-23 16:59:11,061:Calling on_field_end with no data
2023-06-23 16:59:11,061:Calling on_field_start with no data
2023-06-23 16:59:11,061:Calling on_field_name with data[16:24]
2023-06-23 16:59:11,062:Calling on_field_data with data[25:28]
2023-06-23 16:59:11,062:Calling on_field_end with no data
2023-06-23 16:59:11,062:Calling on_end with no data
2023-06-23 16:59:11,133:login successful
2023-06-23 16:59:48,166:Calling on_field_start with no data
2023-06-23 16:59:48,167:Calling on_field_name with data[0:9]
2023-06-23 16:59:48,167:Calling on_field_data with data[10:12]
2023-06-23 16:59:48,167:Calling on_field_end with no data
2023-06-23 16:59:48,167:Calling on_field_start with no data
2023-06-23 16:59:48,168:Calling on_field_name with data[13:24]
2023-06-23 16:59:48,168:Calling on_field_data with data[25:35]
2023-06-23 16:59:48,168:Calling on_field_end with no data
2023-06-23 16:59:48,168:Calling on_end with no data
2023-06-23 16:59:53,786:Calling on_field_start with no data
2023-06-23 16:59:53,786:Calling on_field_name with data[0:9]
2023-06-23 16:59:53,786:Calling on_field_data with data[10:12]
2023-06-23 16:59:53,786:Calling on_field_end with no data
2023-06-23 16:59:53,786:Calling on_field_start with no data
2023-06-23 16:59:53,786:Calling on_field_name with data[13:24]
2023-06-23 16:59:53,786:Calling on_field_data with data[25:35]
2023-06-23 16:59:53,786:Calling on_field_end with no data
2023-06-23 16:59:53,786:Calling on_end with no data
2023-06-23 17:03:56,647:Using proactor: IocpProactor
2023-06-23 17:04:03,860:Calling on_field_start with no data
2023-06-23 17:04:03,860:Calling on_field_name with data[0:8]
2023-06-23 17:04:03,860:Calling on_field_data with data[9:15]
2023-06-23 17:04:03,860:Calling on_field_end with no data
2023-06-23 17:04:03,860:Calling on_field_start with no data
2023-06-23 17:04:03,860:Calling on_field_name with data[16:24]
2023-06-23 17:04:03,860:Calling on_field_data with data[25:28]
2023-06-23 17:04:03,860:Calling on_field_end with no data
2023-06-23 17:04:03,860:Calling on_end with no data
2023-06-23 17:04:03,901:login successful
2023-06-23 17:04:13,440:Calling on_field_start with no data
2023-06-23 17:04:13,440:Calling on_field_name with data[0:9]
2023-06-23 17:04:13,440:Calling on_field_data with data[10:12]
2023-06-23 17:04:13,440:Calling on_field_end with no data
2023-06-23 17:04:13,440:Calling on_field_start with no data
2023-06-23 17:04:13,441:Calling on_field_name with data[13:24]
2023-06-23 17:04:13,441:Calling on_field_data with data[25:35]
2023-06-23 17:04:13,441:Calling on_field_end with no data
2023-06-23 17:04:13,441:Calling on_end with no data
2023-06-23 17:07:27,568:Using proactor: IocpProactor
2023-06-23 17:07:34,632:Calling on_field_start with no data
2023-06-23 17:07:34,632:Calling on_field_name with data[0:8]
2023-06-23 17:07:34,632:Calling on_field_data with data[9:15]
2023-06-23 17:07:34,632:Calling on_field_end with no data
2023-06-23 17:07:34,632:Calling on_field_start with no data
2023-06-23 17:07:34,632:Calling on_field_name with data[16:24]
2023-06-23 17:07:34,632:Calling on_field_data with data[25:28]
2023-06-23 17:07:34,632:Calling on_field_end with no data
2023-06-23 17:07:34,632:Calling on_end with no data
2023-06-23 17:07:34,676:login successful
2023-06-23 17:07:42,422:Calling on_field_start with no data
2023-06-23 17:07:42,422:Calling on_field_name with data[0:9]
2023-06-23 17:07:42,422:Calling on_field_data with data[10:12]
2023-06-23 17:07:42,422:Calling on_field_end with no data
2023-06-23 17:07:42,423:Calling on_field_start with no data
2023-06-23 17:07:42,423:Calling on_field_name with data[13:24]
2023-06-23 17:07:42,423:Calling on_field_data with data[25:35]
2023-06-23 17:07:42,423:Calling on_field_end with no data
2023-06-23 17:07:42,423:Calling on_end with no data
2023-06-23 17:07:42,432:Date updated Successfully
2023-06-23 17:08:14,652:Calling on_field_start with no data
2023-06-23 17:08:14,652:Calling on_field_name with data[0:9]
2023-06-23 17:08:14,652:Calling on_field_data with data[10:12]
2023-06-23 17:08:14,652:Calling on_field_end with no data
2023-06-23 17:08:14,652:Calling on_end with no data
2023-06-23 17:08:14,675:Ticket Id deleted
2023-06-23 17:10:48,076:Using proactor: IocpProactor
2023-06-23 17:11:22,011:Calling on_field_start with no data
2023-06-23 17:11:22,011:Calling on_field_name with data[0:8]
2023-06-23 17:11:22,012:Calling on_field_data with data[9:14]
2023-06-23 17:11:22,012:Calling on_field_end with no data
2023-06-23 17:11:22,012:Calling on_field_start with no data
2023-06-23 17:11:22,012:Calling on_field_name with data[15:23]
2023-06-23 17:11:22,012:Calling on_field_data with data[24:27]
2023-06-23 17:11:22,012:Calling on_field_end with no data
2023-06-23 17:11:22,012:Calling on_field_start with no data
2023-06-23 17:11:22,012:Calling on_field_name with data[28:33]
2023-06-23 17:11:22,012:Calling on_field_data with data[34:62]
2023-06-23 17:11:22,013:Calling on_field_end with no data
2023-06-23 17:11:22,013:Calling on_end with no data
2023-06-23 17:11:22,013:signup
2023-06-23 17:11:33,481:Calling on_field_start with no data
2023-06-23 17:11:33,481:Calling on_field_name with data[0:8]
2023-06-23 17:11:33,481:Calling on_field_data with data[9:14]
2023-06-23 17:11:33,481:Calling on_field_end with no data
2023-06-23 17:11:33,481:Calling on_field_start with no data
2023-06-23 17:11:33,481:Calling on_field_name with data[15:23]
2023-06-23 17:11:33,481:Calling on_field_data with data[24:27]
2023-06-23 17:11:33,482:Calling on_field_end with no data
2023-06-23 17:11:33,482:Calling on_end with no data
2023-06-23 17:11:33,489:login successful
2023-06-23 17:12:03,751:Calling on_field_start with no data
2023-06-23 17:12:03,752:Calling on_field_name with data[0:9]
2023-06-23 17:12:03,752:Calling on_field_data with data[10:11]
2023-06-23 17:12:03,752:Calling on_field_end with no data
2023-06-23 17:12:03,752:Calling on_field_start with no data
2023-06-23 17:12:03,752:Calling on_field_name with data[12:18]
2023-06-23 17:12:03,752:Calling on_field_data with data[19:27]
2023-06-23 17:12:03,752:Calling on_field_end with no data
2023-06-23 17:12:03,752:Calling on_field_start with no data
2023-06-23 17:12:03,752:Calling on_field_name with data[28:39]
2023-06-23 17:12:03,752:Calling on_field_data with data[40:49]
2023-06-23 17:12:03,752:Calling on_field_end with no data
2023-06-23 17:12:03,752:Calling on_field_start with no data
2023-06-23 17:12:03,753:Calling on_field_name with data[50:54]
2023-06-23 17:12:03,753:Calling on_field_data with data[55:65]
2023-06-23 17:12:03,753:Calling on_field_end with no data
2023-06-23 17:12:03,753:Calling on_end with no data
2023-06-23 17:12:03,765:Ticket Created successful
2023-06-23 17:12:22,775:Calling on_field_start with no data
2023-06-23 17:12:22,775:Calling on_field_name with data[0:9]
2023-06-23 17:12:22,775:Calling on_field_data with data[10:11]
2023-06-23 17:12:22,775:Calling on_field_end with no data
2023-06-23 17:12:22,775:Calling on_field_start with no data
2023-06-23 17:12:22,775:Calling on_field_name with data[12:23]
2023-06-23 17:12:22,775:Calling on_field_data with data[24:34]
2023-06-23 17:12:22,776:Calling on_field_end with no data
2023-06-23 17:12:22,777:Calling on_end with no data
2023-06-23 17:12:22,784:Date updated Successfully
2023-06-23 17:12:35,553:Calling on_field_start with no data
2023-06-23 17:12:35,553:Calling on_field_name with data[0:9]
2023-06-23 17:12:35,553:Calling on_field_data with data[10:11]
2023-06-23 17:12:35,554:Calling on_field_end with no data
2023-06-23 17:12:35,554:Calling on_end with no data
2023-06-23 17:12:35,577:Ticket Id deleted
2023-06-23 17:14:19,864:Using proactor: IocpProactor
2023-06-23 17:25:45,277:Calling on_field_start with no data
2023-06-23 17:25:45,277:Calling on_field_name with data[0:8]
2023-06-23 17:25:45,277:Calling on_field_data with data[9:15]
2023-06-23 17:25:45,277:Calling on_field_end with no data
2023-06-23 17:25:45,277:Calling on_field_start with no data
2023-06-23 17:25:45,277:Calling on_field_name with data[16:24]
2023-06-23 17:25:45,277:Calling on_field_data with data[25:28]
2023-06-23 17:25:45,278:Calling on_field_end with no data
2023-06-23 17:25:45,278:Calling on_end with no data
2023-06-23 17:25:45,315:login successful
2023-06-23 18:02:55,661:Using proactor: IocpProactor
2023-06-23 18:03:16,166:Calling on_field_start with no data
2023-06-23 18:03:16,167:Calling on_field_name with data[0:8]
2023-06-23 18:03:16,167:Calling on_field_data with data[9:17]
2023-06-23 18:03:16,167:Calling on_field_end with no data
2023-06-23 18:03:16,167:Calling on_field_start with no data
2023-06-23 18:03:16,167:Calling on_field_name with data[18:26]
2023-06-23 18:03:16,167:Calling on_field_data with data[27:30]
2023-06-23 18:03:16,167:Calling on_field_end with no data
2023-06-23 18:03:16,167:Calling on_field_start with no data
2023-06-23 18:03:16,167:Calling on_field_name with data[31:36]
2023-06-23 18:03:16,167:Calling on_field_data with data[37:65]
2023-06-23 18:03:16,167:Calling on_field_end with no data
2023-06-23 18:03:16,168:Calling on_end with no data
2023-06-23 18:03:16,168:signup
2023-06-23 18:03:31,186:Calling on_field_start with no data
2023-06-23 18:03:31,187:Calling on_field_name with data[0:8]
2023-06-23 18:03:31,187:Calling on_field_data with data[9:17]
2023-06-23 18:03:31,187:Calling on_field_end with no data
2023-06-23 18:03:31,187:Calling on_field_start with no data
2023-06-23 18:03:31,187:Calling on_field_name with data[18:26]
2023-06-23 18:03:31,187:Calling on_field_data with data[27:30]
2023-06-23 18:03:31,187:Calling on_field_end with no data
2023-06-23 18:03:31,187:Calling on_end with no data
2023-06-23 18:03:31,196:login successful
2023-06-23 18:03:54,149:Calling on_field_start with no data
2023-06-23 18:03:54,150:Calling on_field_name with data[0:9]
2023-06-23 18:03:54,150:Calling on_field_data with data[10:12]
2023-06-23 18:03:54,150:Calling on_field_end with no data
2023-06-23 18:03:54,150:Calling on_field_start with no data
2023-06-23 18:03:54,150:Calling on_field_name with data[13:19]
2023-06-23 18:03:54,150:Calling on_field_data with data[20:28]
2023-06-23 18:03:54,150:Calling on_field_end with no data
2023-06-23 18:03:54,152:Calling on_field_start with no data
2023-06-23 18:03:54,152:Calling on_field_name with data[29:40]
2023-06-23 18:03:54,152:Calling on_field_data with data[41:49]
2023-06-23 18:03:54,152:Calling on_field_end with no data
2023-06-23 18:03:54,152:Calling on_field_start with no data
2023-06-23 18:03:54,152:Calling on_field_name with data[50:54]
2023-06-23 18:03:54,152:Calling on_field_data with data[55:65]
2023-06-23 18:03:54,153:Calling on_field_end with no data
2023-06-23 18:03:54,153:Calling on_end with no data
2023-06-23 18:03:54,166:Ticket Created successful
2023-06-23 18:05:26,429:Calling on_field_start with no data
2023-06-23 18:05:26,429:Calling on_field_name with data[0:9]
2023-06-23 18:05:26,430:Calling on_field_data with data[10:12]
2023-06-23 18:05:26,430:Calling on_field_end with no data
2023-06-23 18:05:26,430:Calling on_field_start with no data
2023-06-23 18:05:26,430:Calling on_field_name with data[13:24]
2023-06-23 18:05:26,430:Calling on_field_data with data[25:35]
2023-06-23 18:05:26,431:Calling on_field_end with no data
2023-06-23 18:05:26,431:Calling on_end with no data
2023-06-23 18:05:26,444:Date updated Successfully
2023-06-28 10:25:54,137:Using proactor: IocpProactor
2023-06-28 10:26:29,665:Calling on_field_start with no data
2023-06-28 10:26:29,665:Calling on_field_name with data[0:8]
2023-06-28 10:26:29,665:Calling on_field_data with data[9:15]
2023-06-28 10:26:29,665:Calling on_field_end with no data
2023-06-28 10:26:29,665:Calling on_field_start with no data
2023-06-28 10:26:29,665:Calling on_field_name with data[16:24]
2023-06-28 10:26:29,666:Calling on_field_data with data[25:28]
2023-06-28 10:26:29,666:Calling on_field_end with no data
2023-06-28 10:26:29,666:Calling on_end with no data
2023-06-28 10:26:29,748:login successful
2023-06-28 10:26:43,713:Calling on_field_start with no data
2023-06-28 10:26:43,713:Calling on_field_name with data[0:9]
2023-06-28 10:26:43,713:Calling on_field_data with data[10:12]
2023-06-28 10:26:43,713:Calling on_field_end with no data
2023-06-28 10:26:43,713:Calling on_field_start with no data
2023-06-28 10:26:43,713:Calling on_field_name with data[13:19]
2023-06-28 10:26:43,714:Calling on_field_data with data[20:28]
2023-06-28 10:26:43,714:Calling on_field_end with no data
2023-06-28 10:26:43,714:Calling on_field_start with no data
2023-06-28 10:26:43,714:Calling on_field_name with data[29:40]
2023-06-28 10:26:43,714:Calling on_field_data with data[41:47]
2023-06-28 10:26:43,715:Calling on_field_end with no data
2023-06-28 10:26:43,715:Calling on_field_start with no data
2023-06-28 10:26:43,715:Calling on_field_name with data[48:52]
2023-06-28 10:26:43,715:Calling on_field_data with data[53:63]
2023-06-28 10:26:43,716:Calling on_field_end with no data
2023-06-28 10:26:43,716:Calling on_end with no data
2023-06-28 10:26:43,735:Ticket already Exist
2023-06-28 10:27:01,644:Calling on_field_start with no data
2023-06-28 10:27:01,645:Calling on_field_name with data[0:9]
2023-06-28 10:27:01,645:Calling on_field_data with data[10:12]
2023-06-28 10:27:01,645:Calling on_field_end with no data
2023-06-28 10:27:01,645:Calling on_field_start with no data
2023-06-28 10:27:01,645:Calling on_field_name with data[13:19]
2023-06-28 10:27:01,645:Calling on_field_data with data[20:28]
2023-06-28 10:27:01,645:Calling on_field_end with no data
2023-06-28 10:27:01,646:Calling on_field_start with no data
2023-06-28 10:27:01,646:Calling on_field_name with data[29:40]
2023-06-28 10:27:01,646:Calling on_field_data with data[41:47]
2023-06-28 10:27:01,646:Calling on_field_end with no data
2023-06-28 10:27:01,646:Calling on_field_start with no data
2023-06-28 10:27:01,646:Calling on_field_name with data[48:52]
2023-06-28 10:27:01,646:Calling on_field_data with data[53:63]
2023-06-28 10:27:01,647:Calling on_field_end with no data
2023-06-28 10:27:01,647:Calling on_end with no data
2023-06-28 10:27:01,662:Ticket already Exist
2023-06-28 10:27:54,846:Calling on_field_start with no data
2023-06-28 10:27:54,846:Calling on_field_name with data[0:9]
2023-06-28 10:27:54,847:Calling on_field_data with data[10:12]
2023-06-28 10:27:54,847:Calling on_field_end with no data
2023-06-28 10:27:54,847:Calling on_field_start with no data
2023-06-28 10:27:54,847:Calling on_field_name with data[13:19]
2023-06-28 10:27:54,847:Calling on_field_data with data[20:29]
2023-06-28 10:27:54,847:Calling on_field_end with no data
2023-06-28 10:27:54,848:Calling on_field_start with no data
2023-06-28 10:27:54,848:Calling on_field_name with data[30:41]
2023-06-28 10:27:54,848:Calling on_field_data with data[42:46]
2023-06-28 10:27:54,848:Calling on_field_end with no data
2023-06-28 10:27:54,848:Calling on_field_start with no data
2023-06-28 10:27:54,848:Calling on_field_name with data[47:51]
2023-06-28 10:27:54,848:Calling on_field_data with data[52:62]
2023-06-28 10:27:54,848:Calling on_field_end with no data
2023-06-28 10:27:54,848:Calling on_end with no data
2023-06-28 10:27:54,856:Ticket already Exist
2023-06-28 10:29:26,299:Using proactor: IocpProactor
2023-06-28 10:29:32,551:Calling on_field_start with no data
2023-06-28 10:29:32,551:Calling on_field_name with data[0:9]
2023-06-28 10:29:32,551:Calling on_field_data with data[10:12]
2023-06-28 10:29:32,551:Calling on_field_end with no data
2023-06-28 10:29:32,551:Calling on_field_start with no data
2023-06-28 10:29:32,551:Calling on_field_name with data[13:19]
2023-06-28 10:29:32,552:Calling on_field_data with data[20:29]
2023-06-28 10:29:32,552:Calling on_field_end with no data
2023-06-28 10:29:32,552:Calling on_field_start with no data
2023-06-28 10:29:32,552:Calling on_field_name with data[30:41]
2023-06-28 10:29:32,552:Calling on_field_data with data[42:46]
2023-06-28 10:29:32,552:Calling on_field_end with no data
2023-06-28 10:29:32,552:Calling on_field_start with no data
2023-06-28 10:29:32,552:Calling on_field_name with data[47:51]
2023-06-28 10:29:32,553:Calling on_field_data with data[52:62]
2023-06-28 10:29:32,553:Calling on_field_end with no data
2023-06-28 10:29:32,553:Calling on_end with no data
2023-06-28 10:29:32,607:Ticket already Exist
2023-06-28 10:32:03,222:Using proactor: IocpProactor
2023-06-28 10:32:11,807:Calling on_field_start with no data
2023-06-28 10:32:11,808:Calling on_field_name with data[0:9]
2023-06-28 10:32:11,808:Calling on_field_data with data[10:12]
2023-06-28 10:32:11,808:Calling on_field_end with no data
2023-06-28 10:32:11,809:Calling on_field_start with no data
2023-06-28 10:32:11,809:Calling on_field_name with data[13:19]
2023-06-28 10:32:11,809:Calling on_field_data with data[20:29]
2023-06-28 10:32:11,809:Calling on_field_end with no data
2023-06-28 10:32:11,809:Calling on_field_start with no data
2023-06-28 10:32:11,810:Calling on_field_name with data[30:41]
2023-06-28 10:32:11,810:Calling on_field_data with data[42:46]
2023-06-28 10:32:11,810:Calling on_field_end with no data
2023-06-28 10:32:11,810:Calling on_field_start with no data
2023-06-28 10:32:11,811:Calling on_field_name with data[47:51]
2023-06-28 10:32:11,811:Calling on_field_data with data[52:62]
2023-06-28 10:32:11,811:Calling on_field_end with no data
2023-06-28 10:32:11,811:Calling on_end with no data
2023-06-28 10:32:11,859:Ticket already Exist
2023-06-28 10:34:03,998:Calling on_field_start with no data
2023-06-28 10:34:03,998:Calling on_field_name with data[0:9]
2023-06-28 10:34:03,998:Calling on_field_data with data[10:12]
2023-06-28 10:34:03,998:Calling on_field_end with no data
2023-06-28 10:34:03,998:Calling on_field_start with no data
2023-06-28 10:34:03,999:Calling on_field_name with data[13:19]
2023-06-28 10:34:03,999:Calling on_field_data with data[20:29]
2023-06-28 10:34:03,999:Calling on_field_end with no data
2023-06-28 10:34:03,999:Calling on_field_start with no data
2023-06-28 10:34:03,999:Calling on_field_name with data[30:41]
2023-06-28 10:34:03,999:Calling on_field_data with data[42:46]
2023-06-28 10:34:03,999:Calling on_field_end with no data
2023-06-28 10:34:03,999:Calling on_field_start with no data
2023-06-28 10:34:04,000:Calling on_field_name with data[47:51]
2023-06-28 10:34:04,000:Calling on_field_data with data[52:62]
2023-06-28 10:34:04,000:Calling on_field_end with no data
2023-06-28 10:34:04,000:Calling on_end with no data
2023-06-28 10:34:04,018:Ticket Created successful
